<?xml version="1.0" encoding="UTF-8"?>
<testsuite xmlns:xsi="http://www.w3.org/2001/XMLSchema-instance" xsi:noNamespaceSchemaLocation="https://maven.apache.org/surefire/maven-surefire-plugin/xsd/surefire-test-report-3.0.xsd" version="3.0" name="org.etsntesla.gava.Test2" time="4.672" tests="2" errors="0" skipped="1" failures="0">
  <properties>
[...]
</properties>
  <testcase name="test2" classname="org.etsntesla.gava.Test2" time="0.0">
    <skipped message="public void org.etsntesla.gava.Test2.test2() is @Disabled"/>
    <system-out><![CDATA[15:49:59.267 [main] DEBUG org.springframework.data.convert.CustomConversions - Adding converter from class java.lang.String to class [B as writing converter.
15:49:59.274 [main] DEBUG org.springframework.data.convert.CustomConversions - Adding converter from class [B to class java.lang.String as reading converter.
15:49:59.274 [main] DEBUG org.springframework.data.convert.CustomConversions - Adding converter from class java.lang.Number to class [B as writing converter.
15:49:59.275 [main] DEBUG org.springframework.data.convert.CustomConversions - Adding converter from class [B to class java.lang.Number as reading converter.
15:49:59.276 [main] DEBUG org.springframework.data.convert.CustomConversions - Adding converter from class java.lang.Enum to class [B as writing converter.
15:49:59.276 [main] DEBUG org.springframework.data.convert.CustomConversions - Adding converter from class [B to class java.lang.Enum as reading converter.
15:49:59.277 [main] DEBUG org.springframework.data.convert.CustomConversions - Adding converter from class java.lang.Boolean to class [B as writing converter.
15:49:59.277 [main] DEBUG org.springframework.data.convert.CustomConversions - Adding converter from class [B to class java.lang.Boolean as reading converter.
15:49:59.278 [main] DEBUG org.springframework.data.convert.CustomConversions - Adding converter from class java.util.Date to class [B as writing converter.
15:49:59.278 [main] DEBUG org.springframework.data.convert.CustomConversions - Adding converter from class [B to class java.util.Date as reading converter.
15:49:59.278 [main] DEBUG org.springframework.data.convert.CustomConversions - Adding converter from class java.util.UUID to class [B as writing converter.
15:49:59.279 [main] DEBUG org.springframework.data.convert.CustomConversions - Adding converter from class [B to class java.util.UUID as reading converter.
15:49:59.279 [main] DEBUG org.springframework.data.convert.CustomConversions - Adding converter from class java.time.LocalDateTime to class [B as writing converter.
15:49:59.280 [main] DEBUG org.springframework.data.convert.CustomConversions - Adding converter from class [B to class java.time.LocalDateTime as reading converter.
15:49:59.280 [main] DEBUG org.springframework.data.convert.CustomConversions - Adding converter from class java.time.LocalDate to class [B as writing converter.
15:49:59.280 [main] DEBUG org.springframework.data.convert.CustomConversions - Adding converter from class [B to class java.time.LocalDate as reading converter.
15:49:59.281 [main] DEBUG org.springframework.data.convert.CustomConversions - Adding converter from class java.time.LocalTime to class [B as writing converter.
15:49:59.281 [main] DEBUG org.springframework.data.convert.CustomConversions - Adding converter from class [B to class java.time.LocalTime as reading converter.
15:49:59.281 [main] DEBUG org.springframework.data.convert.CustomConversions - Adding converter from class java.time.ZonedDateTime to class [B as writing converter.
15:49:59.282 [main] DEBUG org.springframework.data.convert.CustomConversions - Adding converter from class [B to class java.time.ZonedDateTime as reading converter.
15:49:59.282 [main] DEBUG org.springframework.data.convert.CustomConversions - Adding converter from class java.time.Instant to class [B as writing converter.
15:49:59.283 [main] DEBUG org.springframework.data.convert.CustomConversions - Adding converter from class [B to class java.time.Instant as reading converter.
15:49:59.283 [main] DEBUG org.springframework.data.convert.CustomConversions - Adding converter from class java.time.ZoneId to class [B as writing converter.
15:49:59.284 [main] DEBUG org.springframework.data.convert.CustomConversions - Adding converter from class [B to class java.time.ZoneId as reading converter.
15:49:59.284 [main] DEBUG org.springframework.data.convert.CustomConversions - Adding converter from class java.time.Period to class [B as writing converter.
15:49:59.284 [main] DEBUG org.springframework.data.convert.CustomConversions - Adding converter from class [B to class java.time.Period as reading converter.
15:49:59.285 [main] DEBUG org.springframework.data.convert.CustomConversions - Adding converter from class java.time.Duration to class [B as writing converter.
15:49:59.285 [main] DEBUG org.springframework.data.convert.CustomConversions - Adding converter from class [B to class java.time.Duration as reading converter.
15:49:59.285 [main] DEBUG org.springframework.data.convert.CustomConversions - Adding converter from class java.util.Date to class java.time.LocalDateTime as reading converter.
15:49:59.286 [main] DEBUG org.springframework.data.convert.CustomConversions - Adding converter from class java.time.LocalDateTime to class java.util.Date as writing converter.
15:49:59.286 [main] DEBUG org.springframework.data.convert.CustomConversions - Adding converter from class java.util.Date to class java.time.LocalDate as reading converter.
15:49:59.288 [main] DEBUG org.springframework.data.convert.CustomConversions - Adding converter from class java.time.LocalDate to class java.util.Date as writing converter.
15:49:59.289 [main] DEBUG org.springframework.data.convert.CustomConversions - Adding converter from class java.util.Date to class java.time.LocalTime as reading converter.
15:49:59.289 [main] DEBUG org.springframework.data.convert.CustomConversions - Adding converter from class java.time.LocalTime to class java.util.Date as writing converter.
15:49:59.289 [main] DEBUG org.springframework.data.convert.CustomConversions - Adding converter from class java.util.Date to class java.time.Instant as reading converter.
15:49:59.290 [main] DEBUG org.springframework.data.convert.CustomConversions - Adding converter from class java.time.Instant to class java.util.Date as writing converter.
15:49:59.291 [main] DEBUG org.springframework.data.convert.CustomConversions - Adding converter from class java.time.LocalDateTime to class java.time.Instant as reading converter.
15:49:59.291 [main] DEBUG org.springframework.data.convert.CustomConversions - Adding converter from class java.time.Instant to class java.time.LocalDateTime as reading converter.
15:49:59.292 [main] DEBUG org.springframework.data.convert.CustomConversions - Adding converter from class java.time.ZoneId to class java.lang.String as writing converter.
15:49:59.292 [main] DEBUG org.springframework.data.convert.CustomConversions - Adding converter from class java.lang.String to class java.time.ZoneId as reading converter.
15:49:59.292 [main] DEBUG org.springframework.data.convert.CustomConversions - Adding converter from class java.time.Duration to class java.lang.String as writing converter.
15:49:59.292 [main] DEBUG org.springframework.data.convert.CustomConversions - Adding converter from class java.lang.String to class java.time.Duration as reading converter.
15:49:59.293 [main] DEBUG org.springframework.data.convert.CustomConversions - Adding converter from class java.time.Period to class java.lang.String as writing converter.
15:49:59.293 [main] DEBUG org.springframework.data.convert.CustomConversions - Adding converter from class java.lang.String to class java.time.Period as reading converter.
15:49:59.293 [main] DEBUG org.springframework.data.convert.CustomConversions - Adding converter from class java.lang.String to class java.time.LocalDate as reading converter.
15:49:59.294 [main] DEBUG org.springframework.data.convert.CustomConversions - Adding converter from class java.lang.String to class java.time.LocalDateTime as reading converter.
15:49:59.295 [main] DEBUG org.springframework.data.convert.CustomConversions - Adding converter from class java.lang.String to class java.time.Instant as reading converter.
15:49:59.353 [main] DEBUG org.springframework.data.convert.CustomConversions - Adding converter from class java.lang.String to class [B as writing converter.
15:49:59.353 [main] DEBUG org.springframework.data.convert.CustomConversions - Adding converter from class [B to class java.lang.String as reading converter.
15:49:59.353 [main] DEBUG org.springframework.data.convert.CustomConversions - Adding converter from class java.lang.Number to class [B as writing converter.
15:49:59.354 [main] DEBUG org.springframework.data.convert.CustomConversions - Adding converter from class [B to class java.lang.Number as reading converter.
15:49:59.354 [main] DEBUG org.springframework.data.convert.CustomConversions - Adding converter from class java.lang.Enum to class [B as writing converter.
15:49:59.354 [main] DEBUG org.springframework.data.convert.CustomConversions - Adding converter from class [B to class java.lang.Enum as reading converter.
15:49:59.354 [main] DEBUG org.springframework.data.convert.CustomConversions - Adding converter from class java.lang.Boolean to class [B as writing converter.
15:49:59.354 [main] DEBUG org.springframework.data.convert.CustomConversions - Adding converter from class [B to class java.lang.Boolean as reading converter.
15:49:59.355 [main] DEBUG org.springframework.data.convert.CustomConversions - Adding converter from class java.util.Date to class [B as writing converter.
15:49:59.355 [main] DEBUG org.springframework.data.convert.CustomConversions - Adding converter from class [B to class java.util.Date as reading converter.
15:49:59.356 [main] DEBUG org.springframework.data.convert.CustomConversions - Adding converter from class java.util.UUID to class [B as writing converter.
15:49:59.356 [main] DEBUG org.springframework.data.convert.CustomConversions - Adding converter from class [B to class java.util.UUID as reading converter.
15:49:59.356 [main] DEBUG org.springframework.data.convert.CustomConversions - Adding converter from class java.time.LocalDateTime to class [B as writing converter.
15:49:59.357 [main] DEBUG org.springframework.data.convert.CustomConversions - Adding converter from class [B to class java.time.LocalDateTime as reading converter.
15:49:59.357 [main] DEBUG org.springframework.data.convert.CustomConversions - Adding converter from class java.time.LocalDate to class [B as writing converter.
15:49:59.357 [main] DEBUG org.springframework.data.convert.CustomConversions - Adding converter from class [B to class java.time.LocalDate as reading converter.
15:49:59.358 [main] DEBUG org.springframework.data.convert.CustomConversions - Adding converter from class java.time.LocalTime to class [B as writing converter.
15:49:59.358 [main] DEBUG org.springframework.data.convert.CustomConversions - Adding converter from class [B to class java.time.LocalTime as reading converter.
15:49:59.358 [main] DEBUG org.springframework.data.convert.CustomConversions - Adding converter from class java.time.ZonedDateTime to class [B as writing converter.
15:49:59.359 [main] DEBUG org.springframework.data.convert.CustomConversions - Adding converter from class [B to class java.time.ZonedDateTime as reading converter.
15:49:59.359 [main] DEBUG org.springframework.data.convert.CustomConversions - Adding converter from class java.time.Instant to class [B as writing converter.
15:49:59.359 [main] DEBUG org.springframework.data.convert.CustomConversions - Adding converter from class [B to class java.time.Instant as reading converter.
15:49:59.359 [main] DEBUG org.springframework.data.convert.CustomConversions - Adding converter from class java.time.ZoneId to class [B as writing converter.
15:49:59.360 [main] DEBUG org.springframework.data.convert.CustomConversions - Adding converter from class [B to class java.time.ZoneId as reading converter.
15:49:59.360 [main] DEBUG org.springframework.data.convert.CustomConversions - Adding converter from class java.time.Period to class [B as writing converter.
15:49:59.360 [main] DEBUG org.springframework.data.convert.CustomConversions - Adding converter from class [B to class java.time.Period as reading converter.
15:49:59.361 [main] DEBUG org.springframework.data.convert.CustomConversions - Adding converter from class java.time.Duration to class [B as writing converter.
15:49:59.361 [main] DEBUG org.springframework.data.convert.CustomConversions - Adding converter from class [B to class java.time.Duration as reading converter.
15:49:59.362 [main] DEBUG org.springframework.data.convert.CustomConversions - Adding converter from class java.util.Date to class java.time.LocalDateTime as reading converter.
15:49:59.362 [main] DEBUG org.springframework.data.convert.CustomConversions - Adding converter from class java.time.LocalDateTime to class java.util.Date as writing converter.
15:49:59.362 [main] DEBUG org.springframework.data.convert.CustomConversions - Adding converter from class java.util.Date to class java.time.LocalDate as reading converter.
15:49:59.363 [main] DEBUG org.springframework.data.convert.CustomConversions - Adding converter from class java.time.LocalDate to class java.util.Date as writing converter.
15:49:59.363 [main] DEBUG org.springframework.data.convert.CustomConversions - Adding converter from class java.util.Date to class java.time.LocalTime as reading converter.
15:49:59.363 [main] DEBUG org.springframework.data.convert.CustomConversions - Adding converter from class java.time.LocalTime to class java.util.Date as writing converter.
15:49:59.363 [main] DEBUG org.springframework.data.convert.CustomConversions - Adding converter from class java.util.Date to class java.time.Instant as reading converter.
15:49:59.364 [main] DEBUG org.springframework.data.convert.CustomConversions - Adding converter from class java.time.Instant to class java.util.Date as writing converter.
15:49:59.364 [main] DEBUG org.springframework.data.convert.CustomConversions - Adding converter from class java.time.LocalDateTime to class java.time.Instant as reading converter.
15:49:59.367 [main] DEBUG org.springframework.data.convert.CustomConversions - Adding converter from class java.time.Instant to class java.time.LocalDateTime as reading converter.
15:49:59.367 [main] DEBUG org.springframework.data.convert.CustomConversions - Adding converter from class java.time.ZoneId to class java.lang.String as writing converter.
15:49:59.369 [main] DEBUG org.springframework.data.convert.CustomConversions - Adding converter from class java.lang.String to class java.time.ZoneId as reading converter.
15:49:59.370 [main] DEBUG org.springframework.data.convert.CustomConversions - Adding converter from class java.time.Duration to class java.lang.String as writing converter.
15:49:59.370 [main] DEBUG org.springframework.data.convert.CustomConversions - Adding converter from class java.lang.String to class java.time.Duration as reading converter.
15:49:59.370 [main] DEBUG org.springframework.data.convert.CustomConversions - Adding converter from class java.time.Period to class java.lang.String as writing converter.
15:49:59.371 [main] DEBUG org.springframework.data.convert.CustomConversions - Adding converter from class java.lang.String to class java.time.Period as reading converter.
15:49:59.371 [main] DEBUG org.springframework.data.convert.CustomConversions - Adding converter from class java.lang.String to class java.time.LocalDate as reading converter.
15:49:59.372 [main] DEBUG org.springframework.data.convert.CustomConversions - Adding converter from class java.lang.String to class java.time.LocalDateTime as reading converter.
15:49:59.372 [main] DEBUG org.springframework.data.convert.CustomConversions - Adding converter from class java.lang.String to class java.time.Instant as reading converter.
15:49:59.492 [main] DEBUG org.springframework.data.convert.CustomConversions - Adding converter from class java.lang.String to class [B as writing converter.
15:49:59.492 [main] DEBUG org.springframework.data.convert.CustomConversions - Adding converter from class [B to class java.lang.String as reading converter.
15:49:59.493 [main] DEBUG org.springframework.data.convert.CustomConversions - Adding converter from class java.lang.Number to class [B as writing converter.
15:49:59.493 [main] DEBUG org.springframework.data.convert.CustomConversions - Adding converter from class [B to class java.lang.Number as reading converter.
15:49:59.493 [main] DEBUG org.springframework.data.convert.CustomConversions - Adding converter from class java.lang.Enum to class [B as writing converter.
15:49:59.493 [main] DEBUG org.springframework.data.convert.CustomConversions - Adding converter from class [B to class java.lang.Enum as reading converter.
15:49:59.493 [main] DEBUG org.springframework.data.convert.CustomConversions - Adding converter from class java.lang.Boolean to class [B as writing converter.
15:49:59.494 [main] DEBUG org.springframework.data.convert.CustomConversions - Adding converter from class [B to class java.lang.Boolean as reading converter.
15:49:59.494 [main] DEBUG org.springframework.data.convert.CustomConversions - Adding converter from class java.util.Date to class [B as writing converter.
15:49:59.494 [main] DEBUG org.springframework.data.convert.CustomConversions - Adding converter from class [B to class java.util.Date as reading converter.
15:49:59.494 [main] DEBUG org.springframework.data.convert.CustomConversions - Adding converter from class java.util.UUID to class [B as writing converter.
15:49:59.494 [main] DEBUG org.springframework.data.convert.CustomConversions - Adding converter from class [B to class java.util.UUID as reading converter.
15:49:59.494 [main] DEBUG org.springframework.data.convert.CustomConversions - Adding converter from class java.time.LocalDateTime to class [B as writing converter.
15:49:59.495 [main] DEBUG org.springframework.data.convert.CustomConversions - Adding converter from class [B to class java.time.LocalDateTime as reading converter.
15:49:59.495 [main] DEBUG org.springframework.data.convert.CustomConversions - Adding converter from class java.time.LocalDate to class [B as writing converter.
15:49:59.495 [main] DEBUG org.springframework.data.convert.CustomConversions - Adding converter from class [B to class java.time.LocalDate as reading converter.
15:49:59.495 [main] DEBUG org.springframework.data.convert.CustomConversions - Adding converter from class java.time.LocalTime to class [B as writing converter.
15:49:59.495 [main] DEBUG org.springframework.data.convert.CustomConversions - Adding converter from class [B to class java.time.LocalTime as reading converter.
15:49:59.496 [main] DEBUG org.springframework.data.convert.CustomConversions - Adding converter from class java.time.ZonedDateTime to class [B as writing converter.
15:49:59.496 [main] DEBUG org.springframework.data.convert.CustomConversions - Adding converter from class [B to class java.time.ZonedDateTime as reading converter.
15:49:59.496 [main] DEBUG org.springframework.data.convert.CustomConversions - Adding converter from class java.time.Instant to class [B as writing converter.
15:49:59.496 [main] DEBUG org.springframework.data.convert.CustomConversions - Adding converter from class [B to class java.time.Instant as reading converter.
15:49:59.496 [main] DEBUG org.springframework.data.convert.CustomConversions - Adding converter from class java.time.ZoneId to class [B as writing converter.
15:49:59.496 [main] DEBUG org.springframework.data.convert.CustomConversions - Adding converter from class [B to class java.time.ZoneId as reading converter.
15:49:59.496 [main] DEBUG org.springframework.data.convert.CustomConversions - Adding converter from class java.time.Period to class [B as writing converter.
15:49:59.497 [main] DEBUG org.springframework.data.convert.CustomConversions - Adding converter from class [B to class java.time.Period as reading converter.
15:49:59.497 [main] DEBUG org.springframework.data.convert.CustomConversions - Adding converter from class java.time.Duration to class [B as writing converter.
15:49:59.497 [main] DEBUG org.springframework.data.convert.CustomConversions - Adding converter from class [B to class java.time.Duration as reading converter.
15:49:59.497 [main] DEBUG org.springframework.data.convert.CustomConversions - Adding converter from class java.util.Date to class java.time.LocalDateTime as reading converter.
15:49:59.498 [main] DEBUG org.springframework.data.convert.CustomConversions - Adding converter from class java.time.LocalDateTime to class java.util.Date as writing converter.
15:49:59.498 [main] DEBUG org.springframework.data.convert.CustomConversions - Adding converter from class java.util.Date to class java.time.LocalDate as reading converter.
15:49:59.498 [main] DEBUG org.springframework.data.convert.CustomConversions - Adding converter from class java.time.LocalDate to class java.util.Date as writing converter.
15:49:59.499 [main] DEBUG org.springframework.data.convert.CustomConversions - Adding converter from class java.util.Date to class java.time.LocalTime as reading converter.
15:49:59.499 [main] DEBUG org.springframework.data.convert.CustomConversions - Adding converter from class java.time.LocalTime to class java.util.Date as writing converter.
15:49:59.500 [main] DEBUG org.springframework.data.convert.CustomConversions - Adding converter from class java.util.Date to class java.time.Instant as reading converter.
15:49:59.500 [main] DEBUG org.springframework.data.convert.CustomConversions - Adding converter from class java.time.Instant to class java.util.Date as writing converter.
15:49:59.500 [main] DEBUG org.springframework.data.convert.CustomConversions - Adding converter from class java.time.LocalDateTime to class java.time.Instant as reading converter.
15:49:59.501 [main] DEBUG org.springframework.data.convert.CustomConversions - Adding converter from class java.time.Instant to class java.time.LocalDateTime as reading converter.
15:49:59.501 [main] DEBUG org.springframework.data.convert.CustomConversions - Adding converter from class java.time.ZoneId to class java.lang.String as writing converter.
15:49:59.502 [main] DEBUG org.springframework.data.convert.CustomConversions - Adding converter from class java.lang.String to class java.time.ZoneId as reading converter.
15:49:59.502 [main] DEBUG org.springframework.data.convert.CustomConversions - Adding converter from class java.time.Duration to class java.lang.String as writing converter.
15:49:59.502 [main] DEBUG org.springframework.data.convert.CustomConversions - Adding converter from class java.lang.String to class java.time.Duration as reading converter.
15:49:59.503 [main] DEBUG org.springframework.data.convert.CustomConversions - Adding converter from class java.time.Period to class java.lang.String as writing converter.
15:49:59.503 [main] DEBUG org.springframework.data.convert.CustomConversions - Adding converter from class java.lang.String to class java.time.Period as reading converter.
15:49:59.503 [main] DEBUG org.springframework.data.convert.CustomConversions - Adding converter from class java.lang.String to class java.time.LocalDate as reading converter.
15:49:59.516 [main] DEBUG org.springframework.data.convert.CustomConversions - Adding converter from class java.lang.String to class java.time.LocalDateTime as reading converter.
15:49:59.516 [main] DEBUG org.springframework.data.convert.CustomConversions - Adding converter from class java.lang.String to class java.time.Instant as reading converter.
15:49:59.536 [main] DEBUG org.springframework.data.convert.CustomConversions - Adding converter from class java.lang.String to class [B as writing converter.
15:49:59.536 [main] DEBUG org.springframework.data.convert.CustomConversions - Adding converter from class [B to class java.lang.String as reading converter.
15:49:59.536 [main] DEBUG org.springframework.data.convert.CustomConversions - Adding converter from class java.lang.Number to class [B as writing converter.
15:49:59.537 [main] DEBUG org.springframework.data.convert.CustomConversions - Adding converter from class [B to class java.lang.Number as reading converter.
15:49:59.537 [main] DEBUG org.springframework.data.convert.CustomConversions - Adding converter from class java.lang.Enum to class [B as writing converter.
15:49:59.538 [main] DEBUG org.springframework.data.convert.CustomConversions - Adding converter from class [B to class java.lang.Enum as reading converter.
15:49:59.541 [main] DEBUG org.springframework.data.convert.CustomConversions - Adding converter from class java.lang.Boolean to class [B as writing converter.
15:49:59.543 [main] DEBUG org.springframework.data.convert.CustomConversions - Adding converter from class [B to class java.lang.Boolean as reading converter.
15:49:59.544 [main] DEBUG org.springframework.data.convert.CustomConversions - Adding converter from class java.util.Date to class [B as writing converter.
15:49:59.544 [main] DEBUG org.springframework.data.convert.CustomConversions - Adding converter from class [B to class java.util.Date as reading converter.
15:49:59.544 [main] DEBUG org.springframework.data.convert.CustomConversions - Adding converter from class java.util.UUID to class [B as writing converter.
15:49:59.544 [main] DEBUG org.springframework.data.convert.CustomConversions - Adding converter from class [B to class java.util.UUID as reading converter.
15:49:59.545 [main] DEBUG org.springframework.data.convert.CustomConversions - Adding converter from class java.time.LocalDateTime to class [B as writing converter.
15:49:59.545 [main] DEBUG org.springframework.data.convert.CustomConversions - Adding converter from class [B to class java.time.LocalDateTime as reading converter.
15:49:59.545 [main] DEBUG org.springframework.data.convert.CustomConversions - Adding converter from class java.time.LocalDate to class [B as writing converter.
15:49:59.545 [main] DEBUG org.springframework.data.convert.CustomConversions - Adding converter from class [B to class java.time.LocalDate as reading converter.
15:49:59.545 [main] DEBUG org.springframework.data.convert.CustomConversions - Adding converter from class java.time.LocalTime to class [B as writing converter.
15:49:59.546 [main] DEBUG org.springframework.data.convert.CustomConversions - Adding converter from class [B to class java.time.LocalTime as reading converter.
15:49:59.546 [main] DEBUG org.springframework.data.convert.CustomConversions - Adding converter from class java.time.ZonedDateTime to class [B as writing converter.
15:49:59.546 [main] DEBUG org.springframework.data.convert.CustomConversions - Adding converter from class [B to class java.time.ZonedDateTime as reading converter.
15:49:59.546 [main] DEBUG org.springframework.data.convert.CustomConversions - Adding converter from class java.time.Instant to class [B as writing converter.
15:49:59.546 [main] DEBUG org.springframework.data.convert.CustomConversions - Adding converter from class [B to class java.time.Instant as reading converter.
15:49:59.547 [main] DEBUG org.springframework.data.convert.CustomConversions - Adding converter from class java.time.ZoneId to class [B as writing converter.
15:49:59.549 [main] DEBUG org.springframework.data.convert.CustomConversions - Adding converter from class [B to class java.time.ZoneId as reading converter.
15:49:59.551 [main] DEBUG org.springframework.data.convert.CustomConversions - Adding converter from class java.time.Period to class [B as writing converter.
15:49:59.551 [main] DEBUG org.springframework.data.convert.CustomConversions - Adding converter from class [B to class java.time.Period as reading converter.
15:49:59.551 [main] DEBUG org.springframework.data.convert.CustomConversions - Adding converter from class java.time.Duration to class [B as writing converter.
15:49:59.551 [main] DEBUG org.springframework.data.convert.CustomConversions - Adding converter from class [B to class java.time.Duration as reading converter.
15:49:59.552 [main] DEBUG org.springframework.data.convert.CustomConversions - Adding converter from class java.util.Date to class java.time.LocalDateTime as reading converter.
15:49:59.555 [main] DEBUG org.springframework.data.convert.CustomConversions - Adding converter from class java.time.LocalDateTime to class java.util.Date as writing converter.
15:49:59.556 [main] DEBUG org.springframework.data.convert.CustomConversions - Adding converter from class java.util.Date to class java.time.LocalDate as reading converter.
15:49:59.557 [main] DEBUG org.springframework.data.convert.CustomConversions - Adding converter from class java.time.LocalDate to class java.util.Date as writing converter.
15:49:59.558 [main] DEBUG org.springframework.data.convert.CustomConversions - Adding converter from class java.util.Date to class java.time.LocalTime as reading converter.
15:49:59.558 [main] DEBUG org.springframework.data.convert.CustomConversions - Adding converter from class java.time.LocalTime to class java.util.Date as writing converter.
15:49:59.560 [main] DEBUG org.springframework.data.convert.CustomConversions - Adding converter from class java.util.Date to class java.time.Instant as reading converter.
15:49:59.561 [main] DEBUG org.springframework.data.convert.CustomConversions - Adding converter from class java.time.Instant to class java.util.Date as writing converter.
15:49:59.562 [main] DEBUG org.springframework.data.convert.CustomConversions - Adding converter from class java.time.LocalDateTime to class java.time.Instant as reading converter.
15:49:59.562 [main] DEBUG org.springframework.data.convert.CustomConversions - Adding converter from class java.time.Instant to class java.time.LocalDateTime as reading converter.
15:49:59.562 [main] DEBUG org.springframework.data.convert.CustomConversions - Adding converter from class java.time.ZoneId to class java.lang.String as writing converter.
15:49:59.562 [main] DEBUG org.springframework.data.convert.CustomConversions - Adding converter from class java.lang.String to class java.time.ZoneId as reading converter.
15:49:59.562 [main] DEBUG org.springframework.data.convert.CustomConversions - Adding converter from class java.time.Duration to class java.lang.String as writing converter.
15:49:59.562 [main] DEBUG org.springframework.data.convert.CustomConversions - Adding converter from class java.lang.String to class java.time.Duration as reading converter.
15:49:59.563 [main] DEBUG org.springframework.data.convert.CustomConversions - Adding converter from class java.time.Period to class java.lang.String as writing converter.
15:49:59.563 [main] DEBUG org.springframework.data.convert.CustomConversions - Adding converter from class java.lang.String to class java.time.Period as reading converter.
15:49:59.563 [main] DEBUG org.springframework.data.convert.CustomConversions - Adding converter from class java.lang.String to class java.time.LocalDate as reading converter.
15:49:59.563 [main] DEBUG org.springframework.data.convert.CustomConversions - Adding converter from class java.lang.String to class java.time.LocalDateTime as reading converter.
15:49:59.563 [main] DEBUG org.springframework.data.convert.CustomConversions - Adding converter from class java.lang.String to class java.time.Instant as reading converter.
15:49:59.589 [main] DEBUG org.springframework.data.convert.CustomConversions - Adding converter from class java.lang.String to class [B as writing converter.
15:49:59.589 [main] DEBUG org.springframework.data.convert.CustomConversions - Adding converter from class [B to class java.lang.String as reading converter.
15:49:59.590 [main] DEBUG org.springframework.data.convert.CustomConversions - Adding converter from class java.lang.Number to class [B as writing converter.
15:49:59.590 [main] DEBUG org.springframework.data.convert.CustomConversions - Adding converter from class [B to class java.lang.Number as reading converter.
15:49:59.591 [main] DEBUG org.springframework.data.convert.CustomConversions - Adding converter from class java.lang.Enum to class [B as writing converter.
15:49:59.591 [main] DEBUG org.springframework.data.convert.CustomConversions - Adding converter from class [B to class java.lang.Enum as reading converter.
15:49:59.591 [main] DEBUG org.springframework.data.convert.CustomConversions - Adding converter from class java.lang.Boolean to class [B as writing converter.
15:49:59.591 [main] DEBUG org.springframework.data.convert.CustomConversions - Adding converter from class [B to class java.lang.Boolean as reading converter.
15:49:59.592 [main] DEBUG org.springframework.data.convert.CustomConversions - Adding converter from class java.util.Date to class [B as writing converter.
15:49:59.593 [main] DEBUG org.springframework.data.convert.CustomConversions - Adding converter from class [B to class java.util.Date as reading converter.
15:49:59.593 [main] DEBUG org.springframework.data.convert.CustomConversions - Adding converter from class java.util.UUID to class [B as writing converter.
15:49:59.593 [main] DEBUG org.springframework.data.convert.CustomConversions - Adding converter from class [B to class java.util.UUID as reading converter.
15:49:59.594 [main] DEBUG org.springframework.data.convert.CustomConversions - Adding converter from class java.time.LocalDateTime to class [B as writing converter.
15:49:59.594 [main] DEBUG org.springframework.data.convert.CustomConversions - Adding converter from class [B to class java.time.LocalDateTime as reading converter.
15:49:59.594 [main] DEBUG org.springframework.data.convert.CustomConversions - Adding converter from class java.time.LocalDate to class [B as writing converter.
15:49:59.594 [main] DEBUG org.springframework.data.convert.CustomConversions - Adding converter from class [B to class java.time.LocalDate as reading converter.
15:49:59.594 [main] DEBUG org.springframework.data.convert.CustomConversions - Adding converter from class java.time.LocalTime to class [B as writing converter.
15:49:59.595 [main] DEBUG org.springframework.data.convert.CustomConversions - Adding converter from class [B to class java.time.LocalTime as reading converter.
15:49:59.595 [main] DEBUG org.springframework.data.convert.CustomConversions - Adding converter from class java.time.ZonedDateTime to class [B as writing converter.
15:49:59.595 [main] DEBUG org.springframework.data.convert.CustomConversions - Adding converter from class [B to class java.time.ZonedDateTime as reading converter.
15:49:59.595 [main] DEBUG org.springframework.data.convert.CustomConversions - Adding converter from class java.time.Instant to class [B as writing converter.
15:49:59.596 [main] DEBUG org.springframework.data.convert.CustomConversions - Adding converter from class [B to class java.time.Instant as reading converter.
15:49:59.596 [main] DEBUG org.springframework.data.convert.CustomConversions - Adding converter from class java.time.ZoneId to class [B as writing converter.
15:49:59.596 [main] DEBUG org.springframework.data.convert.CustomConversions - Adding converter from class [B to class java.time.ZoneId as reading converter.
15:49:59.596 [main] DEBUG org.springframework.data.convert.CustomConversions - Adding converter from class java.time.Period to class [B as writing converter.
15:49:59.596 [main] DEBUG org.springframework.data.convert.CustomConversions - Adding converter from class [B to class java.time.Period as reading converter.
15:49:59.597 [main] DEBUG org.springframework.data.convert.CustomConversions - Adding converter from class java.time.Duration to class [B as writing converter.
15:49:59.597 [main] DEBUG org.springframework.data.convert.CustomConversions - Adding converter from class [B to class java.time.Duration as reading converter.
15:49:59.597 [main] DEBUG org.springframework.data.convert.CustomConversions - Adding converter from class java.util.Date to class java.time.LocalDateTime as reading converter.
15:49:59.597 [main] DEBUG org.springframework.data.convert.CustomConversions - Adding converter from class java.time.LocalDateTime to class java.util.Date as writing converter.
15:49:59.597 [main] DEBUG org.springframework.data.convert.CustomConversions - Adding converter from class java.util.Date to class java.time.LocalDate as reading converter.
15:49:59.597 [main] DEBUG org.springframework.data.convert.CustomConversions - Adding converter from class java.time.LocalDate to class java.util.Date as writing converter.
15:49:59.598 [main] DEBUG org.springframework.data.convert.CustomConversions - Adding converter from class java.util.Date to class java.time.LocalTime as reading converter.
15:49:59.598 [main] DEBUG org.springframework.data.convert.CustomConversions - Adding converter from class java.time.LocalTime to class java.util.Date as writing converter.
15:49:59.598 [main] DEBUG org.springframework.data.convert.CustomConversions - Adding converter from class java.util.Date to class java.time.Instant as reading converter.
15:49:59.598 [main] DEBUG org.springframework.data.convert.CustomConversions - Adding converter from class java.time.Instant to class java.util.Date as writing converter.
15:49:59.599 [main] DEBUG org.springframework.data.convert.CustomConversions - Adding converter from class java.time.LocalDateTime to class java.time.Instant as reading converter.
15:49:59.599 [main] DEBUG org.springframework.data.convert.CustomConversions - Adding converter from class java.time.Instant to class java.time.LocalDateTime as reading converter.
15:49:59.600 [main] DEBUG org.springframework.data.convert.CustomConversions - Adding converter from class java.time.ZoneId to class java.lang.String as writing converter.
15:49:59.600 [main] DEBUG org.springframework.data.convert.CustomConversions - Adding converter from class java.lang.String to class java.time.ZoneId as reading converter.
15:49:59.600 [main] DEBUG org.springframework.data.convert.CustomConversions - Adding converter from class java.time.Duration to class java.lang.String as writing converter.
15:49:59.601 [main] DEBUG org.springframework.data.convert.CustomConversions - Adding converter from class java.lang.String to class java.time.Duration as reading converter.
15:49:59.601 [main] DEBUG org.springframework.data.convert.CustomConversions - Adding converter from class java.time.Period to class java.lang.String as writing converter.
15:49:59.601 [main] DEBUG org.springframework.data.convert.CustomConversions - Adding converter from class java.lang.String to class java.time.Period as reading converter.
15:49:59.602 [main] DEBUG org.springframework.data.convert.CustomConversions - Adding converter from class java.lang.String to class java.time.LocalDate as reading converter.
15:49:59.602 [main] DEBUG org.springframework.data.convert.CustomConversions - Adding converter from class java.lang.String to class java.time.LocalDateTime as reading converter.
15:49:59.602 [main] DEBUG org.springframework.data.convert.CustomConversions - Adding converter from class java.lang.String to class java.time.Instant as reading converter.
15:50:00.335 [main] DEBUG io.netty.util.internal.logging.InternalLoggerFactory - Using SLF4J as the default logging framework
15:50:00.372 [main] DEBUG io.lettuce.core.resource.AddressResolverGroupProvider - Starting without optional netty's non-blocking DNS resolver library
15:50:00.375 [main] DEBUG io.lettuce.core.resource.DefaultClientResources - -Dio.netty.eventLoopThreads: 4
15:50:00.393 [main] DEBUG io.lettuce.core.resource.DefaultEventLoopGroupProvider - Creating executor io.netty.util.concurrent.DefaultEventExecutorGroup
15:50:00.433 [main] DEBUG io.netty.util.internal.InternalThreadLocalMap - -Dio.netty.threadLocalMap.stringBuilder.initialSize: 1024
15:50:00.433 [main] DEBUG io.netty.util.internal.InternalThreadLocalMap - -Dio.netty.threadLocalMap.stringBuilder.maxSize: 4096
15:50:00.442 [main] DEBUG io.netty.util.ResourceLeakDetector - -Dio.netty.leakDetection.level: simple
15:50:00.442 [main] DEBUG io.netty.util.ResourceLeakDetector - -Dio.netty.leakDetection.targetRecords: 4
15:50:00.447 [main] DEBUG io.netty.util.ResourceLeakDetectorFactory - Loaded default ResourceLeakDetector: io.netty.util.ResourceLeakDetector@256f8274
15:50:00.489 [main] DEBUG io.netty.util.internal.PlatformDependent0 - -Dio.netty.noUnsafe: false
15:50:00.489 [main] DEBUG io.netty.util.internal.PlatformDependent0 - Java version: 19
15:50:00.494 [main] DEBUG io.netty.util.internal.PlatformDependent0 - sun.misc.Unsafe.theUnsafe: available
15:50:00.496 [main] DEBUG io.netty.util.internal.PlatformDependent0 - sun.misc.Unsafe.copyMemory: available
15:50:00.497 [main] DEBUG io.netty.util.internal.PlatformDependent0 - sun.misc.Unsafe.storeFence: available
15:50:00.499 [main] DEBUG io.netty.util.internal.PlatformDependent0 - java.nio.Buffer.address: available
15:50:00.500 [main] DEBUG io.netty.util.internal.PlatformDependent0 - direct buffer constructor: unavailable: Reflective setAccessible(true) disabled
15:50:00.503 [main] DEBUG io.netty.util.internal.PlatformDependent0 - java.nio.Bits.unaligned: available, true
15:50:00.506 [main] DEBUG io.netty.util.internal.PlatformDependent0 - jdk.internal.misc.Unsafe.allocateUninitializedArray(int): unavailable: class io.netty.util.internal.PlatformDependent0$7 cannot access class jdk.internal.misc.Unsafe (in module java.base) because module java.base does not export jdk.internal.misc to unnamed module @2e3fc542
15:50:00.510 [main] DEBUG io.netty.util.internal.PlatformDependent0 - java.nio.DirectByteBuffer.<init>(long, int): unavailable
15:50:00.510 [main] DEBUG io.netty.util.internal.PlatformDependent - sun.misc.Unsafe: available
15:50:00.515 [main] DEBUG io.netty.util.internal.PlatformDependent - maxDirectMemory: 2126512128 bytes (maybe)
15:50:00.516 [main] DEBUG io.netty.util.internal.PlatformDependent - -Dio.netty.tmpdir: C:\Users\vucur\AppData\Local\Temp (java.io.tmpdir)
15:50:00.517 [main] DEBUG io.netty.util.internal.PlatformDependent - -Dio.netty.bitMode: 64 (sun.arch.data.model)
15:50:00.518 [main] DEBUG io.netty.util.internal.PlatformDependent - Platform: Windows
15:50:00.520 [main] DEBUG io.netty.util.internal.PlatformDependent - -Dio.netty.maxDirectMemory: -1 bytes
15:50:00.520 [main] DEBUG io.netty.util.internal.PlatformDependent - -Dio.netty.uninitializedArrayAllocationThreshold: -1
15:50:00.529 [main] DEBUG io.netty.util.internal.CleanerJava9 - java.nio.ByteBuffer.cleaner(): available
15:50:00.530 [main] DEBUG io.netty.util.internal.PlatformDependent - -Dio.netty.noPreferDirect: false
15:50:00.559 [main] DEBUG io.netty.util.internal.PlatformDependent - org.jctools-core.MpscChunkedArrayQueue: available
15:50:00.581 [main] DEBUG reactor.util.Loggers - Using Slf4j logging framework
15:50:00.685 [main] DEBUG io.lettuce.core.event.jfr.EventRecorderHolder - Starting with JFR support
15:50:00.816 [main] DEBUG io.lettuce.core.resource.DefaultClientResources - LatencyUtils/HdrUtils are not available, metrics are disabled
15:50:00.917 [main] DEBUG io.lettuce.core.RedisClient - Trying to get a Redis connection for: redis://192.168.154.141
15:50:01.302 [main] DEBUG io.netty.buffer.PooledByteBufAllocator - -Dio.netty.allocator.numHeapArenas: 8
15:50:01.302 [main] DEBUG io.netty.buffer.PooledByteBufAllocator - -Dio.netty.allocator.numDirectArenas: 8
15:50:01.302 [main] DEBUG io.netty.buffer.PooledByteBufAllocator - -Dio.netty.allocator.pageSize: 8192
15:50:01.302 [main] DEBUG io.netty.buffer.PooledByteBufAllocator - -Dio.netty.allocator.maxOrder: 9
15:50:01.302 [main] DEBUG io.netty.buffer.PooledByteBufAllocator - -Dio.netty.allocator.chunkSize: 4194304
15:50:01.302 [main] DEBUG io.netty.buffer.PooledByteBufAllocator - -Dio.netty.allocator.smallCacheSize: 256
15:50:01.303 [main] DEBUG io.netty.buffer.PooledByteBufAllocator - -Dio.netty.allocator.normalCacheSize: 64
15:50:01.303 [main] DEBUG io.netty.buffer.PooledByteBufAllocator - -Dio.netty.allocator.maxCachedBufferCapacity: 32768
15:50:01.303 [main] DEBUG io.netty.buffer.PooledByteBufAllocator - -Dio.netty.allocator.cacheTrimInterval: 8192
15:50:01.303 [main] DEBUG io.netty.buffer.PooledByteBufAllocator - -Dio.netty.allocator.cacheTrimIntervalMillis: 0
15:50:01.303 [main] DEBUG io.netty.buffer.PooledByteBufAllocator - -Dio.netty.allocator.useCacheForAllThreads: false
15:50:01.303 [main] DEBUG io.netty.buffer.PooledByteBufAllocator - -Dio.netty.allocator.maxCachedByteBuffersPerChunk: 1023
15:50:01.344 [main] DEBUG io.netty.buffer.ByteBufUtil - -Dio.netty.allocator.type: pooled
15:50:01.344 [main] DEBUG io.netty.buffer.ByteBufUtil - -Dio.netty.threadLocalDirectBufferSize: 0
15:50:01.344 [main] DEBUG io.netty.buffer.ByteBufUtil - -Dio.netty.maxThreadLocalCharBufferSize: 16384
15:50:01.355 [main] DEBUG io.lettuce.core.resource.KqueueProvider - Starting without optional kqueue library
15:50:01.369 [main] DEBUG io.lettuce.core.resource.IOUringProvider - Starting without optional io_uring library
15:50:01.375 [main] DEBUG io.lettuce.core.resource.EpollProvider - Starting without optional epoll library
15:50:01.386 [main] DEBUG io.lettuce.core.resource.DefaultEventLoopGroupProvider - Allocating executor io.netty.channel.nio.NioEventLoopGroup
15:50:01.386 [main] DEBUG io.lettuce.core.resource.DefaultEventLoopGroupProvider - Creating executor io.netty.channel.nio.NioEventLoopGroup
15:50:01.388 [main] DEBUG io.netty.channel.MultithreadEventLoopGroup - -Dio.netty.eventLoopThreads: 8
15:50:01.400 [main] DEBUG io.netty.channel.nio.NioEventLoop - -Dio.netty.noKeySetOptimization: false
15:50:01.400 [main] DEBUG io.netty.channel.nio.NioEventLoop - -Dio.netty.selectorAutoRebuildThreshold: 512
15:50:01.845 [main] DEBUG io.lettuce.core.resource.DefaultEventLoopGroupProvider - Adding reference to io.netty.channel.nio.NioEventLoopGroup@63e5e5b4, existing ref count 0
15:50:02.041 [main] DEBUG io.lettuce.core.RedisClient - Resolved SocketAddress 192.168.154.141/<unresolved>:6379 using redis://192.168.154.141
15:50:02.043 [main] DEBUG io.lettuce.core.AbstractRedisClient - Connecting to Redis at 192.168.154.141/<unresolved>:6379
15:50:02.066 [main] DEBUG io.netty.channel.DefaultChannelId - -Dio.netty.processId: 11612 (auto-detected)
15:50:02.069 [main] DEBUG io.netty.util.NetUtil - -Djava.net.preferIPv4Stack: false
15:50:02.070 [main] DEBUG io.netty.util.NetUtil - -Djava.net.preferIPv6Addresses: false
15:50:02.114 [main] DEBUG io.netty.util.NetUtilInitializations - Loopback interface: lo (Software Loopback Interface 1, 127.0.0.1)
15:50:02.130 [main] DEBUG io.netty.util.NetUtil - Failed to get SOMAXCONN from sysctl and file \proc\sys\net\core\somaxconn. Default: 200
15:50:02.318 [main] DEBUG io.netty.channel.DefaultChannelId - -Dio.netty.machineId: 00:50:56:ff:fe:c0:00:01 (auto-detected)
15:50:02.442 [lettuce-nioEventLoop-4-1] DEBUG io.lettuce.core.protocol.CommandHandler - [channel=0x1667d38c, [id: 0x4ab4f44d] (inactive), epid=0x1, chid=0x1] channelRegistered()
15:50:02.485 [lettuce-nioEventLoop-4-1] DEBUG io.netty.util.Recycler - -Dio.netty.recycler.maxCapacityPerThread: 4096
15:50:02.485 [lettuce-nioEventLoop-4-1] DEBUG io.netty.util.Recycler - -Dio.netty.recycler.ratio: 8
15:50:02.485 [lettuce-nioEventLoop-4-1] DEBUG io.netty.util.Recycler - -Dio.netty.recycler.chunkSize: 32
15:50:02.485 [lettuce-nioEventLoop-4-1] DEBUG io.netty.util.Recycler - -Dio.netty.recycler.blocking: false
15:50:02.503 [lettuce-nioEventLoop-4-1] DEBUG io.netty.buffer.AbstractByteBuf - -Dio.netty.buffer.checkAccessible: true
15:50:02.503 [lettuce-nioEventLoop-4-1] DEBUG io.netty.buffer.AbstractByteBuf - -Dio.netty.buffer.checkBounds: true
15:50:02.503 [lettuce-nioEventLoop-4-1] DEBUG io.netty.util.ResourceLeakDetectorFactory - Loaded default ResourceLeakDetector: io.netty.util.ResourceLeakDetector@467358da
15:50:02.554 [lettuce-nioEventLoop-4-1] DEBUG io.lettuce.core.protocol.CommandHandler - [channel=0x1667d38c, /192.168.154.1:60236 -> /192.168.154.141:6379, epid=0x1, chid=0x1] write(ctx, AsyncCommand [type=HELLO, output=GenericMapOutput [output=null, error='null'], commandType=io.lettuce.core.protocol.Command], promise)
15:50:02.559 [lettuce-nioEventLoop-4-1] DEBUG io.lettuce.core.protocol.CommandEncoder - [channel=0x1667d38c, /192.168.154.1:60236 -> /192.168.154.141:6379] writing command AsyncCommand [type=HELLO, output=GenericMapOutput [output=null, error='null'], commandType=io.lettuce.core.protocol.Command]
15:50:02.576 [lettuce-nioEventLoop-4-1] DEBUG io.lettuce.core.protocol.CommandHandler - [channel=0x1667d38c, /192.168.154.1:60236 -> /192.168.154.141:6379, epid=0x1, chid=0x1] Received: 146 bytes, 1 commands in the stack
15:50:02.576 [lettuce-nioEventLoop-4-1] DEBUG io.lettuce.core.protocol.CommandHandler - [channel=0x1667d38c, /192.168.154.1:60236 -> /192.168.154.141:6379, epid=0x1, chid=0x1] Stack contains: 1 commands
15:50:02.602 [lettuce-nioEventLoop-4-1] DEBUG io.lettuce.core.protocol.RedisStateMachine - Decode done, empty stack: true
15:50:02.603 [lettuce-nioEventLoop-4-1] DEBUG io.lettuce.core.protocol.CommandHandler - [channel=0x1667d38c, /192.168.154.1:60236 -> /192.168.154.141:6379, epid=0x1, chid=0x1] Completing command AsyncCommand [type=HELLO, output=GenericMapOutput [output={server=redis, version=7.2.3, proto=3, id=127, mode=standalone, role=master}, error='null'], commandType=io.lettuce.core.protocol.Command]
15:50:02.604 [lettuce-nioEventLoop-4-1] DEBUG io.lettuce.core.protocol.CommandHandler - [channel=0x1667d38c, /192.168.154.1:60236 -> /192.168.154.141:6379, epid=0x1, chid=0x1] channelActive()
15:50:02.605 [lettuce-nioEventLoop-4-1] DEBUG io.lettuce.core.protocol.DefaultEndpoint - [channel=0x1667d38c, /192.168.154.1:60236 -> /192.168.154.141:6379, epid=0x1] activateEndpointAndExecuteBufferedCommands 0 command(s) buffered
15:50:02.605 [lettuce-nioEventLoop-4-1] DEBUG io.lettuce.core.protocol.DefaultEndpoint - [channel=0x1667d38c, /192.168.154.1:60236 -> /192.168.154.141:6379, epid=0x1] activating endpoint
15:50:02.606 [lettuce-nioEventLoop-4-1] DEBUG io.lettuce.core.protocol.DefaultEndpoint - [channel=0x1667d38c, /192.168.154.1:60236 -> /192.168.154.141:6379, epid=0x1] flushCommands()
15:50:02.606 [lettuce-nioEventLoop-4-1] DEBUG io.lettuce.core.protocol.DefaultEndpoint - [channel=0x1667d38c, /192.168.154.1:60236 -> /192.168.154.141:6379, epid=0x1] flushCommands() Flushing 0 commands
15:50:02.609 [lettuce-nioEventLoop-4-1] DEBUG io.lettuce.core.protocol.ConnectionWatchdog - [channel=0x1667d38c, /192.168.154.1:60236 -> /192.168.154.141:6379, last known addr=/192.168.154.141:6379] channelActive()
15:50:02.609 [lettuce-nioEventLoop-4-1] DEBUG io.lettuce.core.protocol.CommandHandler - [channel=0x1667d38c, /192.168.154.1:60236 -> /192.168.154.141:6379, epid=0x1, chid=0x1] channelActive() done
15:50:02.610 [lettuce-nioEventLoop-4-1] DEBUG io.lettuce.core.AbstractRedisClient - Connecting to Redis at 192.168.154.141/<unresolved>:6379: Success
15:50:02.622 [main] DEBUG io.lettuce.core.RedisChannelHandler - dispatching command AsyncCommand [type=FLUSHALL, output=StatusOutput [output=null, error='null'], commandType=io.lettuce.core.protocol.Command]
15:50:02.622 [main] DEBUG io.lettuce.core.protocol.DefaultEndpoint - [channel=0x1667d38c, /192.168.154.1:60236 -> /192.168.154.141:6379, epid=0x1] write() writeAndFlush command AsyncCommand [type=FLUSHALL, output=StatusOutput [output=null, error='null'], commandType=io.lettuce.core.protocol.Command]
15:50:02.626 [lettuce-nioEventLoop-4-1] DEBUG io.lettuce.core.protocol.CommandHandler - [channel=0x1667d38c, /192.168.154.1:60236 -> /192.168.154.141:6379, epid=0x1, chid=0x1] write(ctx, AsyncCommand [type=FLUSHALL, output=StatusOutput [output=null, error='null'], commandType=io.lettuce.core.protocol.Command], promise)
15:50:02.626 [lettuce-nioEventLoop-4-1] DEBUG io.lettuce.core.protocol.CommandEncoder - [channel=0x1667d38c, /192.168.154.1:60236 -> /192.168.154.141:6379] writing command AsyncCommand [type=FLUSHALL, output=StatusOutput [output=null, error='null'], commandType=io.lettuce.core.protocol.Command]
15:50:02.630 [main] DEBUG io.lettuce.core.protocol.DefaultEndpoint - [channel=0x1667d38c, /192.168.154.1:60236 -> /192.168.154.141:6379, epid=0x1] write() done
15:50:02.631 [lettuce-nioEventLoop-4-1] DEBUG io.lettuce.core.protocol.CommandHandler - [channel=0x1667d38c, /192.168.154.1:60236 -> /192.168.154.141:6379, epid=0x1, chid=0x1] Received: 5 bytes, 1 commands in the stack
15:50:02.631 [lettuce-nioEventLoop-4-1] DEBUG io.lettuce.core.protocol.CommandHandler - [channel=0x1667d38c, /192.168.154.1:60236 -> /192.168.154.141:6379, epid=0x1, chid=0x1] Stack contains: 1 commands
15:50:02.631 [lettuce-nioEventLoop-4-1] DEBUG io.lettuce.core.protocol.RedisStateMachine - Decode done, empty stack: true
15:50:02.631 [lettuce-nioEventLoop-4-1] DEBUG io.lettuce.core.protocol.CommandHandler - [channel=0x1667d38c, /192.168.154.1:60236 -> /192.168.154.141:6379, epid=0x1, chid=0x1] Completing command AsyncCommand [type=FLUSHALL, output=StatusOutput [output=OK, error='null'], commandType=io.lettuce.core.protocol.Command]
]]></system-out>
  </testcase>
  <testcase name="test3" classname="org.etsntesla.gava.Test2" time="0.723">
    <system-out><![CDATA[15:50:02.680 [main] DEBUG io.lettuce.core.resource.DefaultEventLoopGroupProvider - Creating executor io.netty.util.concurrent.DefaultEventExecutorGroup
15:50:02.682 [main] DEBUG io.lettuce.core.resource.DefaultClientResources - LatencyUtils/HdrUtils are not available, metrics are disabled
15:50:02.690 [main] DEBUG io.lettuce.core.RedisClient - Trying to get a Redis connection for: redis://192.168.154.141
15:50:02.691 [main] DEBUG io.lettuce.core.resource.DefaultEventLoopGroupProvider - Allocating executor io.netty.channel.nio.NioEventLoopGroup
15:50:02.692 [main] DEBUG io.lettuce.core.resource.DefaultEventLoopGroupProvider - Creating executor io.netty.channel.nio.NioEventLoopGroup
15:50:02.718 [main] DEBUG io.lettuce.core.resource.DefaultEventLoopGroupProvider - Adding reference to io.netty.channel.nio.NioEventLoopGroup@1abfe081, existing ref count 0
15:50:02.719 [main] DEBUG io.lettuce.core.RedisClient - Resolved SocketAddress 192.168.154.141/<unresolved>:6379 using redis://192.168.154.141
15:50:02.719 [main] DEBUG io.lettuce.core.AbstractRedisClient - Connecting to Redis at 192.168.154.141/<unresolved>:6379
15:50:02.725 [lettuce-nioEventLoop-7-1] DEBUG io.lettuce.core.protocol.CommandHandler - [channel=0x4b82817e, [id: 0x95b31e7e] (inactive), epid=0x2, chid=0x2] channelRegistered()
15:50:02.731 [lettuce-nioEventLoop-7-1] DEBUG io.lettuce.core.protocol.CommandHandler - [channel=0x4b82817e, /192.168.154.1:60237 -> /192.168.154.141:6379, epid=0x2, chid=0x2] write(ctx, AsyncCommand [type=HELLO, output=GenericMapOutput [output=null, error='null'], commandType=io.lettuce.core.protocol.Command], promise)
15:50:02.732 [lettuce-nioEventLoop-7-1] DEBUG io.lettuce.core.protocol.CommandEncoder - [channel=0x4b82817e, /192.168.154.1:60237 -> /192.168.154.141:6379] writing command AsyncCommand [type=HELLO, output=GenericMapOutput [output=null, error='null'], commandType=io.lettuce.core.protocol.Command]
15:50:02.733 [lettuce-nioEventLoop-7-1] DEBUG io.lettuce.core.protocol.CommandHandler - [channel=0x4b82817e, /192.168.154.1:60237 -> /192.168.154.141:6379, epid=0x2, chid=0x2] Received: 146 bytes, 1 commands in the stack
15:50:02.733 [lettuce-nioEventLoop-7-1] DEBUG io.lettuce.core.protocol.CommandHandler - [channel=0x4b82817e, /192.168.154.1:60237 -> /192.168.154.141:6379, epid=0x2, chid=0x2] Stack contains: 1 commands
15:50:02.734 [lettuce-nioEventLoop-7-1] DEBUG io.lettuce.core.protocol.RedisStateMachine - Decode done, empty stack: true
15:50:02.734 [lettuce-nioEventLoop-7-1] DEBUG io.lettuce.core.protocol.CommandHandler - [channel=0x4b82817e, /192.168.154.1:60237 -> /192.168.154.141:6379, epid=0x2, chid=0x2] Completing command AsyncCommand [type=HELLO, output=GenericMapOutput [output={server=redis, version=7.2.3, proto=3, id=128, mode=standalone, role=master}, error='null'], commandType=io.lettuce.core.protocol.Command]
15:50:02.735 [lettuce-nioEventLoop-7-1] DEBUG io.lettuce.core.protocol.CommandHandler - [channel=0x4b82817e, /192.168.154.1:60237 -> /192.168.154.141:6379, epid=0x2, chid=0x2] channelActive()
15:50:02.735 [lettuce-nioEventLoop-7-1] DEBUG io.lettuce.core.protocol.DefaultEndpoint - [channel=0x4b82817e, /192.168.154.1:60237 -> /192.168.154.141:6379, epid=0x2] activateEndpointAndExecuteBufferedCommands 0 command(s) buffered
15:50:02.735 [lettuce-nioEventLoop-7-1] DEBUG io.lettuce.core.protocol.DefaultEndpoint - [channel=0x4b82817e, /192.168.154.1:60237 -> /192.168.154.141:6379, epid=0x2] activating endpoint
15:50:02.735 [lettuce-nioEventLoop-7-1] DEBUG io.lettuce.core.protocol.DefaultEndpoint - [channel=0x4b82817e, /192.168.154.1:60237 -> /192.168.154.141:6379, epid=0x2] flushCommands()
15:50:02.736 [lettuce-nioEventLoop-7-1] DEBUG io.lettuce.core.protocol.DefaultEndpoint - [channel=0x4b82817e, /192.168.154.1:60237 -> /192.168.154.141:6379, epid=0x2] flushCommands() Flushing 0 commands
15:50:02.736 [lettuce-nioEventLoop-7-1] DEBUG io.lettuce.core.protocol.ConnectionWatchdog - [channel=0x4b82817e, /192.168.154.1:60237 -> /192.168.154.141:6379, last known addr=/192.168.154.141:6379] channelActive()
15:50:02.737 [lettuce-nioEventLoop-7-1] DEBUG io.lettuce.core.protocol.CommandHandler - [channel=0x4b82817e, /192.168.154.1:60237 -> /192.168.154.141:6379, epid=0x2, chid=0x2] channelActive() done
15:50:02.737 [lettuce-nioEventLoop-7-1] DEBUG io.lettuce.core.AbstractRedisClient - Connecting to Redis at 192.168.154.141/<unresolved>:6379: Success
15:50:02.739 [main] DEBUG io.lettuce.core.RedisChannelHandler - dispatching command AsyncCommand [type=FLUSHALL, output=StatusOutput [output=null, error='null'], commandType=io.lettuce.core.protocol.Command]
15:50:02.739 [main] DEBUG io.lettuce.core.protocol.DefaultEndpoint - [channel=0x4b82817e, /192.168.154.1:60237 -> /192.168.154.141:6379, epid=0x2] write() writeAndFlush command AsyncCommand [type=FLUSHALL, output=StatusOutput [output=null, error='null'], commandType=io.lettuce.core.protocol.Command]
15:50:02.740 [lettuce-nioEventLoop-7-1] DEBUG io.lettuce.core.protocol.CommandHandler - [channel=0x4b82817e, /192.168.154.1:60237 -> /192.168.154.141:6379, epid=0x2, chid=0x2] write(ctx, AsyncCommand [type=FLUSHALL, output=StatusOutput [output=null, error='null'], commandType=io.lettuce.core.protocol.Command], promise)
15:50:02.741 [main] DEBUG io.lettuce.core.protocol.DefaultEndpoint - [channel=0x4b82817e, /192.168.154.1:60237 -> /192.168.154.141:6379, epid=0x2] write() done
15:50:02.741 [lettuce-nioEventLoop-7-1] DEBUG io.lettuce.core.protocol.CommandEncoder - [channel=0x4b82817e, /192.168.154.1:60237 -> /192.168.154.141:6379] writing command AsyncCommand [type=FLUSHALL, output=StatusOutput [output=null, error='null'], commandType=io.lettuce.core.protocol.Command]
15:50:02.746 [lettuce-nioEventLoop-7-1] DEBUG io.lettuce.core.protocol.CommandHandler - [channel=0x4b82817e, /192.168.154.1:60237 -> /192.168.154.141:6379, epid=0x2, chid=0x2] Received: 5 bytes, 1 commands in the stack
15:50:02.746 [lettuce-nioEventLoop-7-1] DEBUG io.lettuce.core.protocol.CommandHandler - [channel=0x4b82817e, /192.168.154.1:60237 -> /192.168.154.141:6379, epid=0x2, chid=0x2] Stack contains: 1 commands
15:50:02.748 [lettuce-nioEventLoop-7-1] DEBUG io.lettuce.core.protocol.RedisStateMachine - Decode done, empty stack: true
15:50:02.748 [lettuce-nioEventLoop-7-1] DEBUG io.lettuce.core.protocol.CommandHandler - [channel=0x4b82817e, /192.168.154.1:60237 -> /192.168.154.141:6379, epid=0x2, chid=0x2] Completing command AsyncCommand [type=FLUSHALL, output=StatusOutput [output=OK, error='null'], commandType=io.lettuce.core.protocol.Command]
15:50:03.066 [main] DEBUG org.springframework.data.redis.core.RedisConnectionUtils - Fetching Redis Connection from RedisConnectionFactory
15:50:03.144 [main] DEBUG io.lettuce.core.RedisChannelHandler - dispatching command AsyncCommand [type=ZADD, output=IntegerOutput [output=null, error='null'], commandType=io.lettuce.core.protocol.Command]
15:50:03.145 [main] DEBUG io.lettuce.core.protocol.DefaultEndpoint - [channel=0x4b82817e, /192.168.154.1:60237 -> /192.168.154.141:6379, epid=0x2] write() writeAndFlush command AsyncCommand [type=ZADD, output=IntegerOutput [output=null, error='null'], commandType=io.lettuce.core.protocol.Command]
15:50:03.145 [lettuce-nioEventLoop-7-1] DEBUG io.lettuce.core.protocol.CommandHandler - [channel=0x4b82817e, /192.168.154.1:60237 -> /192.168.154.141:6379, epid=0x2, chid=0x2] write(ctx, AsyncCommand [type=ZADD, output=IntegerOutput [output=null, error='null'], commandType=io.lettuce.core.protocol.Command], promise)
15:50:03.146 [main] DEBUG io.lettuce.core.protocol.DefaultEndpoint - [channel=0x4b82817e, /192.168.154.1:60237 -> /192.168.154.141:6379, epid=0x2] write() done
15:50:03.148 [lettuce-nioEventLoop-7-1] DEBUG io.lettuce.core.protocol.CommandEncoder - [channel=0x4b82817e, /192.168.154.1:60237 -> /192.168.154.141:6379] writing command AsyncCommand [type=ZADD, output=IntegerOutput [output=null, error='null'], commandType=io.lettuce.core.protocol.Command]
15:50:03.151 [lettuce-nioEventLoop-7-1] DEBUG io.lettuce.core.protocol.CommandHandler - [channel=0x4b82817e, /192.168.154.1:60237 -> /192.168.154.141:6379, epid=0x2, chid=0x2] Received: 4 bytes, 1 commands in the stack
15:50:03.152 [lettuce-nioEventLoop-7-1] DEBUG io.lettuce.core.protocol.CommandHandler - [channel=0x4b82817e, /192.168.154.1:60237 -> /192.168.154.141:6379, epid=0x2, chid=0x2] Stack contains: 1 commands
15:50:03.152 [lettuce-nioEventLoop-7-1] DEBUG io.lettuce.core.protocol.RedisStateMachine - Decode done, empty stack: true
15:50:03.152 [lettuce-nioEventLoop-7-1] DEBUG io.lettuce.core.protocol.CommandHandler - [channel=0x4b82817e, /192.168.154.1:60237 -> /192.168.154.141:6379, epid=0x2, chid=0x2] Completing command AsyncCommand [type=ZADD, output=IntegerOutput [output=1, error='null'], commandType=io.lettuce.core.protocol.Command]
15:50:03.152 [main] DEBUG org.springframework.data.redis.core.RedisConnectionUtils - Closing Redis Connection.
15:50:03.154 [main] DEBUG org.springframework.data.redis.core.RedisConnectionUtils - Fetching Redis Connection from RedisConnectionFactory
15:50:03.155 [main] DEBUG io.lettuce.core.RedisChannelHandler - dispatching command AsyncCommand [type=ZADD, output=IntegerOutput [output=null, error='null'], commandType=io.lettuce.core.protocol.Command]
15:50:03.156 [main] DEBUG io.lettuce.core.protocol.DefaultEndpoint - [channel=0x4b82817e, /192.168.154.1:60237 -> /192.168.154.141:6379, epid=0x2] write() writeAndFlush command AsyncCommand [type=ZADD, output=IntegerOutput [output=null, error='null'], commandType=io.lettuce.core.protocol.Command]
15:50:03.157 [lettuce-nioEventLoop-7-1] DEBUG io.lettuce.core.protocol.CommandHandler - [channel=0x4b82817e, /192.168.154.1:60237 -> /192.168.154.141:6379, epid=0x2, chid=0x2] write(ctx, AsyncCommand [type=ZADD, output=IntegerOutput [output=null, error='null'], commandType=io.lettuce.core.protocol.Command], promise)
15:50:03.160 [main] DEBUG io.lettuce.core.protocol.DefaultEndpoint - [channel=0x4b82817e, /192.168.154.1:60237 -> /192.168.154.141:6379, epid=0x2] write() done
15:50:03.160 [lettuce-nioEventLoop-7-1] DEBUG io.lettuce.core.protocol.CommandEncoder - [channel=0x4b82817e, /192.168.154.1:60237 -> /192.168.154.141:6379] writing command AsyncCommand [type=ZADD, output=IntegerOutput [output=null, error='null'], commandType=io.lettuce.core.protocol.Command]
15:50:03.165 [lettuce-nioEventLoop-7-1] DEBUG io.lettuce.core.protocol.CommandHandler - [channel=0x4b82817e, /192.168.154.1:60237 -> /192.168.154.141:6379, epid=0x2, chid=0x2] Received: 4 bytes, 1 commands in the stack
15:50:03.167 [lettuce-nioEventLoop-7-1] DEBUG io.lettuce.core.protocol.CommandHandler - [channel=0x4b82817e, /192.168.154.1:60237 -> /192.168.154.141:6379, epid=0x2, chid=0x2] Stack contains: 1 commands
15:50:03.167 [lettuce-nioEventLoop-7-1] DEBUG io.lettuce.core.protocol.RedisStateMachine - Decode done, empty stack: true
15:50:03.168 [lettuce-nioEventLoop-7-1] DEBUG io.lettuce.core.protocol.CommandHandler - [channel=0x4b82817e, /192.168.154.1:60237 -> /192.168.154.141:6379, epid=0x2, chid=0x2] Completing command AsyncCommand [type=ZADD, output=IntegerOutput [output=1, error='null'], commandType=io.lettuce.core.protocol.Command]
15:50:03.170 [main] DEBUG org.springframework.data.redis.core.RedisConnectionUtils - Closing Redis Connection.
15:50:03.170 [main] DEBUG org.springframework.data.redis.core.RedisConnectionUtils - Fetching Redis Connection from RedisConnectionFactory
15:50:03.171 [main] DEBUG io.lettuce.core.RedisChannelHandler - dispatching command AsyncCommand [type=ZADD, output=IntegerOutput [output=null, error='null'], commandType=io.lettuce.core.protocol.Command]
15:50:03.171 [main] DEBUG io.lettuce.core.protocol.DefaultEndpoint - [channel=0x4b82817e, /192.168.154.1:60237 -> /192.168.154.141:6379, epid=0x2] write() writeAndFlush command AsyncCommand [type=ZADD, output=IntegerOutput [output=null, error='null'], commandType=io.lettuce.core.protocol.Command]
15:50:03.172 [lettuce-nioEventLoop-7-1] DEBUG io.lettuce.core.protocol.CommandHandler - [channel=0x4b82817e, /192.168.154.1:60237 -> /192.168.154.141:6379, epid=0x2, chid=0x2] write(ctx, AsyncCommand [type=ZADD, output=IntegerOutput [output=null, error='null'], commandType=io.lettuce.core.protocol.Command], promise)
15:50:03.173 [lettuce-nioEventLoop-7-1] DEBUG io.lettuce.core.protocol.CommandEncoder - [channel=0x4b82817e, /192.168.154.1:60237 -> /192.168.154.141:6379] writing command AsyncCommand [type=ZADD, output=IntegerOutput [output=null, error='null'], commandType=io.lettuce.core.protocol.Command]
15:50:03.173 [main] DEBUG io.lettuce.core.protocol.DefaultEndpoint - [channel=0x4b82817e, /192.168.154.1:60237 -> /192.168.154.141:6379, epid=0x2] write() done
15:50:03.178 [lettuce-nioEventLoop-7-1] DEBUG io.lettuce.core.protocol.CommandHandler - [channel=0x4b82817e, /192.168.154.1:60237 -> /192.168.154.141:6379, epid=0x2, chid=0x2] Received: 4 bytes, 1 commands in the stack
15:50:03.179 [lettuce-nioEventLoop-7-1] DEBUG io.lettuce.core.protocol.CommandHandler - [channel=0x4b82817e, /192.168.154.1:60237 -> /192.168.154.141:6379, epid=0x2, chid=0x2] Stack contains: 1 commands
15:50:03.179 [lettuce-nioEventLoop-7-1] DEBUG io.lettuce.core.protocol.RedisStateMachine - Decode done, empty stack: true
15:50:03.179 [lettuce-nioEventLoop-7-1] DEBUG io.lettuce.core.protocol.CommandHandler - [channel=0x4b82817e, /192.168.154.1:60237 -> /192.168.154.141:6379, epid=0x2, chid=0x2] Completing command AsyncCommand [type=ZADD, output=IntegerOutput [output=1, error='null'], commandType=io.lettuce.core.protocol.Command]
15:50:03.179 [main] DEBUG org.springframework.data.redis.core.RedisConnectionUtils - Closing Redis Connection.
15:50:03.180 [main] DEBUG org.springframework.data.redis.core.RedisConnectionUtils - Fetching Redis Connection from RedisConnectionFactory
15:50:03.180 [main] DEBUG io.lettuce.core.RedisChannelHandler - dispatching command AsyncCommand [type=ZADD, output=IntegerOutput [output=null, error='null'], commandType=io.lettuce.core.protocol.Command]
15:50:03.180 [main] DEBUG io.lettuce.core.protocol.DefaultEndpoint - [channel=0x4b82817e, /192.168.154.1:60237 -> /192.168.154.141:6379, epid=0x2] write() writeAndFlush command AsyncCommand [type=ZADD, output=IntegerOutput [output=null, error='null'], commandType=io.lettuce.core.protocol.Command]
15:50:03.180 [lettuce-nioEventLoop-7-1] DEBUG io.lettuce.core.protocol.CommandHandler - [channel=0x4b82817e, /192.168.154.1:60237 -> /192.168.154.141:6379, epid=0x2, chid=0x2] write(ctx, AsyncCommand [type=ZADD, output=IntegerOutput [output=null, error='null'], commandType=io.lettuce.core.protocol.Command], promise)
15:50:03.181 [lettuce-nioEventLoop-7-1] DEBUG io.lettuce.core.protocol.CommandEncoder - [channel=0x4b82817e, /192.168.154.1:60237 -> /192.168.154.141:6379] writing command AsyncCommand [type=ZADD, output=IntegerOutput [output=null, error='null'], commandType=io.lettuce.core.protocol.Command]
15:50:03.181 [main] DEBUG io.lettuce.core.protocol.DefaultEndpoint - [channel=0x4b82817e, /192.168.154.1:60237 -> /192.168.154.141:6379, epid=0x2] write() done
15:50:03.183 [lettuce-nioEventLoop-7-1] DEBUG io.lettuce.core.protocol.CommandHandler - [channel=0x4b82817e, /192.168.154.1:60237 -> /192.168.154.141:6379, epid=0x2, chid=0x2] Received: 4 bytes, 1 commands in the stack
15:50:03.183 [lettuce-nioEventLoop-7-1] DEBUG io.lettuce.core.protocol.CommandHandler - [channel=0x4b82817e, /192.168.154.1:60237 -> /192.168.154.141:6379, epid=0x2, chid=0x2] Stack contains: 1 commands
15:50:03.184 [lettuce-nioEventLoop-7-1] DEBUG io.lettuce.core.protocol.RedisStateMachine - Decode done, empty stack: true
15:50:03.184 [lettuce-nioEventLoop-7-1] DEBUG io.lettuce.core.protocol.CommandHandler - [channel=0x4b82817e, /192.168.154.1:60237 -> /192.168.154.141:6379, epid=0x2, chid=0x2] Completing command AsyncCommand [type=ZADD, output=IntegerOutput [output=1, error='null'], commandType=io.lettuce.core.protocol.Command]
15:50:03.186 [main] DEBUG org.springframework.data.redis.core.RedisConnectionUtils - Closing Redis Connection.
15:50:03.187 [main] DEBUG org.springframework.data.redis.core.RedisConnectionUtils - Fetching Redis Connection from RedisConnectionFactory
15:50:03.188 [main] DEBUG io.lettuce.core.RedisChannelHandler - dispatching command AsyncCommand [type=ZADD, output=IntegerOutput [output=null, error='null'], commandType=io.lettuce.core.protocol.Command]
15:50:03.188 [main] DEBUG io.lettuce.core.protocol.DefaultEndpoint - [channel=0x4b82817e, /192.168.154.1:60237 -> /192.168.154.141:6379, epid=0x2] write() writeAndFlush command AsyncCommand [type=ZADD, output=IntegerOutput [output=null, error='null'], commandType=io.lettuce.core.protocol.Command]
15:50:03.188 [main] DEBUG io.lettuce.core.protocol.DefaultEndpoint - [channel=0x4b82817e, /192.168.154.1:60237 -> /192.168.154.141:6379, epid=0x2] write() done
15:50:03.188 [lettuce-nioEventLoop-7-1] DEBUG io.lettuce.core.protocol.CommandHandler - [channel=0x4b82817e, /192.168.154.1:60237 -> /192.168.154.141:6379, epid=0x2, chid=0x2] write(ctx, AsyncCommand [type=ZADD, output=IntegerOutput [output=null, error='null'], commandType=io.lettuce.core.protocol.Command], promise)
15:50:03.189 [lettuce-nioEventLoop-7-1] DEBUG io.lettuce.core.protocol.CommandEncoder - [channel=0x4b82817e, /192.168.154.1:60237 -> /192.168.154.141:6379] writing command AsyncCommand [type=ZADD, output=IntegerOutput [output=null, error='null'], commandType=io.lettuce.core.protocol.Command]
15:50:03.192 [lettuce-nioEventLoop-7-1] DEBUG io.lettuce.core.protocol.CommandHandler - [channel=0x4b82817e, /192.168.154.1:60237 -> /192.168.154.141:6379, epid=0x2, chid=0x2] Received: 4 bytes, 1 commands in the stack
15:50:03.192 [lettuce-nioEventLoop-7-1] DEBUG io.lettuce.core.protocol.CommandHandler - [channel=0x4b82817e, /192.168.154.1:60237 -> /192.168.154.141:6379, epid=0x2, chid=0x2] Stack contains: 1 commands
15:50:03.192 [lettuce-nioEventLoop-7-1] DEBUG io.lettuce.core.protocol.RedisStateMachine - Decode done, empty stack: true
15:50:03.193 [lettuce-nioEventLoop-7-1] DEBUG io.lettuce.core.protocol.CommandHandler - [channel=0x4b82817e, /192.168.154.1:60237 -> /192.168.154.141:6379, epid=0x2, chid=0x2] Completing command AsyncCommand [type=ZADD, output=IntegerOutput [output=1, error='null'], commandType=io.lettuce.core.protocol.Command]
15:50:03.193 [main] DEBUG org.springframework.data.redis.core.RedisConnectionUtils - Closing Redis Connection.
15:50:03.193 [main] DEBUG org.springframework.data.redis.core.RedisConnectionUtils - Fetching Redis Connection from RedisConnectionFactory
15:50:03.193 [main] DEBUG io.lettuce.core.RedisChannelHandler - dispatching command AsyncCommand [type=ZADD, output=IntegerOutput [output=null, error='null'], commandType=io.lettuce.core.protocol.Command]
15:50:03.193 [main] DEBUG io.lettuce.core.protocol.DefaultEndpoint - [channel=0x4b82817e, /192.168.154.1:60237 -> /192.168.154.141:6379, epid=0x2] write() writeAndFlush command AsyncCommand [type=ZADD, output=IntegerOutput [output=null, error='null'], commandType=io.lettuce.core.protocol.Command]
15:50:03.194 [main] DEBUG io.lettuce.core.protocol.DefaultEndpoint - [channel=0x4b82817e, /192.168.154.1:60237 -> /192.168.154.141:6379, epid=0x2] write() done
15:50:03.194 [lettuce-nioEventLoop-7-1] DEBUG io.lettuce.core.protocol.CommandHandler - [channel=0x4b82817e, /192.168.154.1:60237 -> /192.168.154.141:6379, epid=0x2, chid=0x2] write(ctx, AsyncCommand [type=ZADD, output=IntegerOutput [output=null, error='null'], commandType=io.lettuce.core.protocol.Command], promise)
15:50:03.194 [lettuce-nioEventLoop-7-1] DEBUG io.lettuce.core.protocol.CommandEncoder - [channel=0x4b82817e, /192.168.154.1:60237 -> /192.168.154.141:6379] writing command AsyncCommand [type=ZADD, output=IntegerOutput [output=null, error='null'], commandType=io.lettuce.core.protocol.Command]
15:50:03.196 [lettuce-nioEventLoop-7-1] DEBUG io.lettuce.core.protocol.CommandHandler - [channel=0x4b82817e, /192.168.154.1:60237 -> /192.168.154.141:6379, epid=0x2, chid=0x2] Received: 4 bytes, 1 commands in the stack
15:50:03.196 [lettuce-nioEventLoop-7-1] DEBUG io.lettuce.core.protocol.CommandHandler - [channel=0x4b82817e, /192.168.154.1:60237 -> /192.168.154.141:6379, epid=0x2, chid=0x2] Stack contains: 1 commands
15:50:03.196 [lettuce-nioEventLoop-7-1] DEBUG io.lettuce.core.protocol.RedisStateMachine - Decode done, empty stack: true
15:50:03.196 [lettuce-nioEventLoop-7-1] DEBUG io.lettuce.core.protocol.CommandHandler - [channel=0x4b82817e, /192.168.154.1:60237 -> /192.168.154.141:6379, epid=0x2, chid=0x2] Completing command AsyncCommand [type=ZADD, output=IntegerOutput [output=1, error='null'], commandType=io.lettuce.core.protocol.Command]
15:50:03.197 [main] DEBUG org.springframework.data.redis.core.RedisConnectionUtils - Closing Redis Connection.
15:50:03.216 [main] DEBUG org.springframework.data.redis.core.RedisConnectionUtils - Fetching Redis Connection from RedisConnectionFactory
15:50:03.221 [main] DEBUG io.lettuce.core.RedisChannelHandler - dispatching command AsyncCommand [type=ZREM, output=IntegerOutput [output=null, error='null'], commandType=io.lettuce.core.protocol.Command]
15:50:03.222 [main] DEBUG io.lettuce.core.protocol.DefaultEndpoint - [channel=0x4b82817e, /192.168.154.1:60237 -> /192.168.154.141:6379, epid=0x2] write() writeAndFlush command AsyncCommand [type=ZREM, output=IntegerOutput [output=null, error='null'], commandType=io.lettuce.core.protocol.Command]
15:50:03.222 [main] DEBUG io.lettuce.core.protocol.DefaultEndpoint - [channel=0x4b82817e, /192.168.154.1:60237 -> /192.168.154.141:6379, epid=0x2] write() done
15:50:03.222 [lettuce-nioEventLoop-7-1] DEBUG io.lettuce.core.protocol.CommandHandler - [channel=0x4b82817e, /192.168.154.1:60237 -> /192.168.154.141:6379, epid=0x2, chid=0x2] write(ctx, AsyncCommand [type=ZREM, output=IntegerOutput [output=null, error='null'], commandType=io.lettuce.core.protocol.Command], promise)
15:50:03.223 [lettuce-nioEventLoop-7-1] DEBUG io.lettuce.core.protocol.CommandEncoder - [channel=0x4b82817e, /192.168.154.1:60237 -> /192.168.154.141:6379] writing command AsyncCommand [type=ZREM, output=IntegerOutput [output=null, error='null'], commandType=io.lettuce.core.protocol.Command]
15:50:03.225 [lettuce-nioEventLoop-7-1] DEBUG io.lettuce.core.protocol.CommandHandler - [channel=0x4b82817e, /192.168.154.1:60237 -> /192.168.154.141:6379, epid=0x2, chid=0x2] Received: 4 bytes, 1 commands in the stack
15:50:03.225 [lettuce-nioEventLoop-7-1] DEBUG io.lettuce.core.protocol.CommandHandler - [channel=0x4b82817e, /192.168.154.1:60237 -> /192.168.154.141:6379, epid=0x2, chid=0x2] Stack contains: 1 commands
15:50:03.226 [lettuce-nioEventLoop-7-1] DEBUG io.lettuce.core.protocol.RedisStateMachine - Decode done, empty stack: true
15:50:03.226 [lettuce-nioEventLoop-7-1] DEBUG io.lettuce.core.protocol.CommandHandler - [channel=0x4b82817e, /192.168.154.1:60237 -> /192.168.154.141:6379, epid=0x2, chid=0x2] Completing command AsyncCommand [type=ZREM, output=IntegerOutput [output=0, error='null'], commandType=io.lettuce.core.protocol.Command]
15:50:03.227 [main] DEBUG org.springframework.data.redis.core.RedisConnectionUtils - Closing Redis Connection.
15:50:03.231 [main] DEBUG org.springframework.data.redis.core.RedisConnectionUtils - Fetching Redis Connection from RedisConnectionFactory
15:50:03.241 [main] DEBUG io.lettuce.core.RedisChannelHandler - dispatching command AsyncCommand [type=ZRANGE, output=ValueListOutput [output=[], error='null'], commandType=io.lettuce.core.protocol.Command]
15:50:03.241 [main] DEBUG io.lettuce.core.protocol.DefaultEndpoint - [channel=0x4b82817e, /192.168.154.1:60237 -> /192.168.154.141:6379, epid=0x2] write() writeAndFlush command AsyncCommand [type=ZRANGE, output=ValueListOutput [output=[], error='null'], commandType=io.lettuce.core.protocol.Command]
15:50:03.242 [lettuce-nioEventLoop-7-1] DEBUG io.lettuce.core.protocol.CommandHandler - [channel=0x4b82817e, /192.168.154.1:60237 -> /192.168.154.141:6379, epid=0x2, chid=0x2] write(ctx, AsyncCommand [type=ZRANGE, output=ValueListOutput [output=[], error='null'], commandType=io.lettuce.core.protocol.Command], promise)
15:50:03.243 [lettuce-nioEventLoop-7-1] DEBUG io.lettuce.core.protocol.CommandEncoder - [channel=0x4b82817e, /192.168.154.1:60237 -> /192.168.154.141:6379] writing command AsyncCommand [type=ZRANGE, output=ValueListOutput [output=[], error='null'], commandType=io.lettuce.core.protocol.Command]
15:50:03.243 [main] DEBUG io.lettuce.core.protocol.DefaultEndpoint - [channel=0x4b82817e, /192.168.154.1:60237 -> /192.168.154.141:6379, epid=0x2] write() done
15:50:03.244 [lettuce-nioEventLoop-7-1] DEBUG io.lettuce.core.protocol.CommandHandler - [channel=0x4b82817e, /192.168.154.1:60237 -> /192.168.154.141:6379, epid=0x2, chid=0x2] Received: 58 bytes, 1 commands in the stack
15:50:03.245 [lettuce-nioEventLoop-7-1] DEBUG io.lettuce.core.protocol.CommandHandler - [channel=0x4b82817e, /192.168.154.1:60237 -> /192.168.154.141:6379, epid=0x2, chid=0x2] Stack contains: 1 commands
15:50:03.246 [lettuce-nioEventLoop-7-1] DEBUG io.lettuce.core.protocol.RedisStateMachine - Decode done, empty stack: true
15:50:03.246 [lettuce-nioEventLoop-7-1] DEBUG io.lettuce.core.protocol.CommandHandler - [channel=0x4b82817e, /192.168.154.1:60237 -> /192.168.154.141:6379, epid=0x2, chid=0x2] Completing command AsyncCommand [type=ZRANGE, output=ValueListOutput [output=[[B@50c28c99, [B@d7467b9, [B@7c41b84c, [B@b195202, [B@4ffbb1bc, [B@611c5e55], error='null'], commandType=io.lettuce.core.protocol.Command]
15:50:03.247 [main] DEBUG org.springframework.data.redis.core.RedisConnectionUtils - Closing Redis Connection.
[0, 1, 2, 3, 4, 5]
]]></system-out>
  </testcase>
</testsuite>